<?xml version="1.0" encoding="UTF-8"?>
<!-- Generated by org.testng.reporters.JUnitReportReporter -->
<testsuite hostname="IN5CG7192CGM" name="LEARNING.Achievement.Register_Frames" tests="1" failures="0" timestamp="26 Jun 2019 09:38:42 GMT" time="27.627" errors="0">
  <testcase name="testFrames" time="27.627" classname="LEARNING.Achievement.Register_Frames"/>
</testsuite> <!-- LEARNING.Achievement.Register_Frames -->
